2020-04-25 20:01:05,210 WARNING [default] Unable to locate file for location (C:\Users\Jayden McQueen\Documents\Swinburne Semester 1 2020\Project Development 1 - Tools and Practices\HDProject\SwinburneExplorer\bin\Debug\netcoreapp2.0\images\Resources/Images/placeholder.jpg)
2020-04-25 20:01:05,217 WARNING [default] Unable to locate file for location (C:\Users\Jayden McQueen\Documents\Swinburne Semester 1 2020\Project Development 1 - Tools and Practices\HDProject\SwinburneExplorer\bin\Debug\netcoreapp2.0\images\Resources/Images/forward_arrow.png)
2020-04-25 20:01:05,218 WARNING [default] Unable to locate file for location (C:\Users\Jayden McQueen\Documents\Swinburne Semester 1 2020\Project Development 1 - Tools and Practices\HDProject\SwinburneExplorer\bin\Debug\netcoreapp2.0\images\Resources/Images/forward__backward_arrow.png)
2020-04-25 20:01:05,218 WARNING [default] Unable to locate file for location (C:\Users\Jayden McQueen\Documents\Swinburne Semester 1 2020\Project Development 1 - Tools and Practices\HDProject\SwinburneExplorer\bin\Debug\netcoreapp2.0\images\Resources/Images/placeholder.jpg)
2020-04-25 20:01:05,218 WARNING [default] Unable to locate file for location (C:\Users\Jayden McQueen\Documents\Swinburne Semester 1 2020\Project Development 1 - Tools and Practices\HDProject\SwinburneExplorer\bin\Debug\netcoreapp2.0\images\Resources/Images/forward_arrow.png)
2020-04-25 20:01:05,219 WARNING [default] Unable to locate file for location (C:\Users\Jayden McQueen\Documents\Swinburne Semester 1 2020\Project Development 1 - Tools and Practices\HDProject\SwinburneExplorer\bin\Debug\netcoreapp2.0\images\Resources/Images/forward__backward_arrow.png)
2020-04-25 20:01:05,220 WARNING [default] Unable to locate file for location (C:\Users\Jayden McQueen\Documents\Swinburne Semester 1 2020\Project Development 1 - Tools and Practices\HDProject\SwinburneExplorer\bin\Debug\netcoreapp2.0\images\Resources/Images/placeholder.jpg)
2020-04-25 20:01:05,220 WARNING [default] Unable to locate file for location (C:\Users\Jayden McQueen\Documents\Swinburne Semester 1 2020\Project Development 1 - Tools and Practices\HDProject\SwinburneExplorer\bin\Debug\netcoreapp2.0\images\Resources/Images/forward_arrow.png)
2020-04-25 20:01:05,220 WARNING [default] Unable to locate file for location (C:\Users\Jayden McQueen\Documents\Swinburne Semester 1 2020\Project Development 1 - Tools and Practices\HDProject\SwinburneExplorer\bin\Debug\netcoreapp2.0\images\Resources/Images/forward__backward_arrow.png)
2020-04-25 20:02:01,866 WARNING [default] Unable to locate file for location (C:\Users\Jayden McQueen\Documents\Swinburne Semester 1 2020\Project Development 1 - Tools and Practices\HDProject\SwinburneExplorer\bin\Debug\netcoreapp2.0\images\Resources/Images/placeholder.jpg)
2020-04-25 20:02:01,874 WARNING [default] Unable to locate file for location (C:\Users\Jayden McQueen\Documents\Swinburne Semester 1 2020\Project Development 1 - Tools and Practices\HDProject\SwinburneExplorer\bin\Debug\netcoreapp2.0\images\Resources/Images/forward_arrow.png)
2020-04-25 20:02:01,874 WARNING [default] Unable to locate file for location (C:\Users\Jayden McQueen\Documents\Swinburne Semester 1 2020\Project Development 1 - Tools and Practices\HDProject\SwinburneExplorer\bin\Debug\netcoreapp2.0\images\Resources/Images/forward__backward_arrow.png)
2020-04-25 20:02:01,874 WARNING [default] Unable to locate file for location (C:\Users\Jayden McQueen\Documents\Swinburne Semester 1 2020\Project Development 1 - Tools and Practices\HDProject\SwinburneExplorer\bin\Debug\netcoreapp2.0\images\Resources/Images/placeholder.jpg)
2020-04-25 20:02:01,875 WARNING [default] Unable to locate file for location (C:\Users\Jayden McQueen\Documents\Swinburne Semester 1 2020\Project Development 1 - Tools and Practices\HDProject\SwinburneExplorer\bin\Debug\netcoreapp2.0\images\Resources/Images/forward_arrow.png)
2020-04-25 20:02:01,875 WARNING [default] Unable to locate file for location (C:\Users\Jayden McQueen\Documents\Swinburne Semester 1 2020\Project Development 1 - Tools and Practices\HDProject\SwinburneExplorer\bin\Debug\netcoreapp2.0\images\Resources/Images/forward__backward_arrow.png)
2020-04-25 20:02:01,876 WARNING [default] Unable to locate file for location (C:\Users\Jayden McQueen\Documents\Swinburne Semester 1 2020\Project Development 1 - Tools and Practices\HDProject\SwinburneExplorer\bin\Debug\netcoreapp2.0\images\Resources/Images/placeholder.jpg)
2020-04-25 20:02:01,876 WARNING [default] Unable to locate file for location (C:\Users\Jayden McQueen\Documents\Swinburne Semester 1 2020\Project Development 1 - Tools and Practices\HDProject\SwinburneExplorer\bin\Debug\netcoreapp2.0\images\Resources/Images/forward_arrow.png)
2020-04-25 20:02:01,876 WARNING [default] Unable to locate file for location (C:\Users\Jayden McQueen\Documents\Swinburne Semester 1 2020\Project Development 1 - Tools and Practices\HDProject\SwinburneExplorer\bin\Debug\netcoreapp2.0\images\Resources/Images/forward__backward_arrow.png)
2020-04-25 20:18:50,127 WARNING [default] Unable to locate file for location (C:\Users\Jayden McQueen\Documents\Swinburne Semester 1 2020\Project Development 1 - Tools and Practices\HDProject\SwinburneExplorer\bin\Debug\netcoreapp2.0\images\Resources/Images/placeholder.jpg)
2020-04-25 20:18:50,140 WARNING [default] Unable to locate file for location (C:\Users\Jayden McQueen\Documents\Swinburne Semester 1 2020\Project Development 1 - Tools and Practices\HDProject\SwinburneExplorer\bin\Debug\netcoreapp2.0\images\Resources/Images/forward_arrow.png)
2020-04-25 20:18:50,140 WARNING [default] Unable to locate file for location (C:\Users\Jayden McQueen\Documents\Swinburne Semester 1 2020\Project Development 1 - Tools and Practices\HDProject\SwinburneExplorer\bin\Debug\netcoreapp2.0\images\Resources/Images/forward__backward_arrow.png)
2020-04-25 20:18:50,140 WARNING [default] Unable to locate file for location (C:\Users\Jayden McQueen\Documents\Swinburne Semester 1 2020\Project Development 1 - Tools and Practices\HDProject\SwinburneExplorer\bin\Debug\netcoreapp2.0\images\Resources/Images/placeholder.jpg)
2020-04-25 20:18:50,140 WARNING [default] Unable to locate file for location (C:\Users\Jayden McQueen\Documents\Swinburne Semester 1 2020\Project Development 1 - Tools and Practices\HDProject\SwinburneExplorer\bin\Debug\netcoreapp2.0\images\Resources/Images/forward_arrow.png)
2020-04-25 20:18:50,141 WARNING [default] Unable to locate file for location (C:\Users\Jayden McQueen\Documents\Swinburne Semester 1 2020\Project Development 1 - Tools and Practices\HDProject\SwinburneExplorer\bin\Debug\netcoreapp2.0\images\Resources/Images/forward__backward_arrow.png)
2020-04-25 20:18:50,141 WARNING [default] Unable to locate file for location (C:\Users\Jayden McQueen\Documents\Swinburne Semester 1 2020\Project Development 1 - Tools and Practices\HDProject\SwinburneExplorer\bin\Debug\netcoreapp2.0\images\Resources/Images/placeholder.jpg)
2020-04-25 20:18:50,141 WARNING [default] Unable to locate file for location (C:\Users\Jayden McQueen\Documents\Swinburne Semester 1 2020\Project Development 1 - Tools and Practices\HDProject\SwinburneExplorer\bin\Debug\netcoreapp2.0\images\Resources/Images/forward_arrow.png)
2020-04-25 20:18:50,141 WARNING [default] Unable to locate file for location (C:\Users\Jayden McQueen\Documents\Swinburne Semester 1 2020\Project Development 1 - Tools and Practices\HDProject\SwinburneExplorer\bin\Debug\netcoreapp2.0\images\Resources/Images/forward__backward_arrow.png)
2020-04-25 20:20:17,722 WARNING [default] Unable to locate file for location (C:\Users\Jayden McQueen\Documents\Swinburne Semester 1 2020\Project Development 1 - Tools and Practices\HDProject\SwinburneExplorer\bin\Debug\netcoreapp2.0\images\Resources/Images/placeholder.jpg)
2020-04-25 20:20:17,729 WARNING [default] Unable to locate file for location (C:\Users\Jayden McQueen\Documents\Swinburne Semester 1 2020\Project Development 1 - Tools and Practices\HDProject\SwinburneExplorer\bin\Debug\netcoreapp2.0\images\Resources/Images/forward_arrow.png)
2020-04-25 20:20:17,729 WARNING [default] Unable to locate file for location (C:\Users\Jayden McQueen\Documents\Swinburne Semester 1 2020\Project Development 1 - Tools and Practices\HDProject\SwinburneExplorer\bin\Debug\netcoreapp2.0\images\Resources/Images/forward__backward_arrow.png)
2020-04-25 20:20:17,729 WARNING [default] Unable to locate file for location (C:\Users\Jayden McQueen\Documents\Swinburne Semester 1 2020\Project Development 1 - Tools and Practices\HDProject\SwinburneExplorer\bin\Debug\netcoreapp2.0\images\Resources/Images/placeholder.jpg)
2020-04-25 20:20:17,730 WARNING [default] Unable to locate file for location (C:\Users\Jayden McQueen\Documents\Swinburne Semester 1 2020\Project Development 1 - Tools and Practices\HDProject\SwinburneExplorer\bin\Debug\netcoreapp2.0\images\Resources/Images/forward_arrow.png)
2020-04-25 20:20:17,730 WARNING [default] Unable to locate file for location (C:\Users\Jayden McQueen\Documents\Swinburne Semester 1 2020\Project Development 1 - Tools and Practices\HDProject\SwinburneExplorer\bin\Debug\netcoreapp2.0\images\Resources/Images/forward__backward_arrow.png)
2020-04-25 20:20:17,730 WARNING [default] Unable to locate file for location (C:\Users\Jayden McQueen\Documents\Swinburne Semester 1 2020\Project Development 1 - Tools and Practices\HDProject\SwinburneExplorer\bin\Debug\netcoreapp2.0\images\Resources/Images/placeholder.jpg)
2020-04-25 20:20:17,730 WARNING [default] Unable to locate file for location (C:\Users\Jayden McQueen\Documents\Swinburne Semester 1 2020\Project Development 1 - Tools and Practices\HDProject\SwinburneExplorer\bin\Debug\netcoreapp2.0\images\Resources/Images/forward_arrow.png)
2020-04-25 20:20:17,730 WARNING [default] Unable to locate file for location (C:\Users\Jayden McQueen\Documents\Swinburne Semester 1 2020\Project Development 1 - Tools and Practices\HDProject\SwinburneExplorer\bin\Debug\netcoreapp2.0\images\Resources/Images/forward__backward_arrow.png)
2020-04-25 20:20:37,405 WARNING [default] Unable to locate file for location (C:\Users\Jayden McQueen\Documents\Swinburne Semester 1 2020\Project Development 1 - Tools and Practices\HDProject\SwinburneExplorer\bin\Debug\netcoreapp2.0\images\/Resources/Images/placeholder.jpg)
2020-04-25 20:20:37,414 WARNING [default] Unable to locate file for location (C:\Users\Jayden McQueen\Documents\Swinburne Semester 1 2020\Project Development 1 - Tools and Practices\HDProject\SwinburneExplorer\bin\Debug\netcoreapp2.0\images\/Resources/Images/forward_arrow.png)
2020-04-25 20:20:37,414 WARNING [default] Unable to locate file for location (C:\Users\Jayden McQueen\Documents\Swinburne Semester 1 2020\Project Development 1 - Tools and Practices\HDProject\SwinburneExplorer\bin\Debug\netcoreapp2.0\images\/Resources/Images/forward__backward_arrow.png)
2020-04-25 20:20:37,415 WARNING [default] Unable to locate file for location (C:\Users\Jayden McQueen\Documents\Swinburne Semester 1 2020\Project Development 1 - Tools and Practices\HDProject\SwinburneExplorer\bin\Debug\netcoreapp2.0\images\/Resources/Images/placeholder.jpg)
2020-04-25 20:20:37,415 WARNING [default] Unable to locate file for location (C:\Users\Jayden McQueen\Documents\Swinburne Semester 1 2020\Project Development 1 - Tools and Practices\HDProject\SwinburneExplorer\bin\Debug\netcoreapp2.0\images\/Resources/Images/forward_arrow.png)
2020-04-25 20:20:37,415 WARNING [default] Unable to locate file for location (C:\Users\Jayden McQueen\Documents\Swinburne Semester 1 2020\Project Development 1 - Tools and Practices\HDProject\SwinburneExplorer\bin\Debug\netcoreapp2.0\images\/Resources/Images/forward__backward_arrow.png)
2020-04-25 20:20:37,415 WARNING [default] Unable to locate file for location (C:\Users\Jayden McQueen\Documents\Swinburne Semester 1 2020\Project Development 1 - Tools and Practices\HDProject\SwinburneExplorer\bin\Debug\netcoreapp2.0\images\/Resources/Images/placeholder.jpg)
2020-04-25 20:20:37,416 WARNING [default] Unable to locate file for location (C:\Users\Jayden McQueen\Documents\Swinburne Semester 1 2020\Project Development 1 - Tools and Practices\HDProject\SwinburneExplorer\bin\Debug\netcoreapp2.0\images\/Resources/Images/forward_arrow.png)
2020-04-25 20:20:37,417 WARNING [default] Unable to locate file for location (C:\Users\Jayden McQueen\Documents\Swinburne Semester 1 2020\Project Development 1 - Tools and Practices\HDProject\SwinburneExplorer\bin\Debug\netcoreapp2.0\images\/Resources/Images/forward__backward_arrow.png)
2020-04-25 20:22:22,748 WARNING [default] Unable to locate file for location (C:\Users\Jayden McQueen\Documents\Swinburne Semester 1 2020\Project Development 1 - Tools and Practices\HDProject\SwinburneExplorer\bin\Debug\netcoreapp2.0\images\Resources'Images'placeholder.jpg)
2020-04-25 20:22:22,756 WARNING [default] Unable to locate file for location (C:\Users\Jayden McQueen\Documents\Swinburne Semester 1 2020\Project Development 1 - Tools and Practices\HDProject\SwinburneExplorer\bin\Debug\netcoreapp2.0\images\Resources'Images'forward_arrow.png)
2020-04-25 20:22:22,757 WARNING [default] Unable to locate file for location (C:\Users\Jayden McQueen\Documents\Swinburne Semester 1 2020\Project Development 1 - Tools and Practices\HDProject\SwinburneExplorer\bin\Debug\netcoreapp2.0\images\Resources'Images'forward__backward_arrow.png)
2020-04-25 20:22:22,757 WARNING [default] Unable to locate file for location (C:\Users\Jayden McQueen\Documents\Swinburne Semester 1 2020\Project Development 1 - Tools and Practices\HDProject\SwinburneExplorer\bin\Debug\netcoreapp2.0\images\Resources'Images'placeholder.jpg)
2020-04-25 20:22:22,758 WARNING [default] Unable to locate file for location (C:\Users\Jayden McQueen\Documents\Swinburne Semester 1 2020\Project Development 1 - Tools and Practices\HDProject\SwinburneExplorer\bin\Debug\netcoreapp2.0\images\Resources'Images'forward_arrow.png)
2020-04-25 20:22:22,759 WARNING [default] Unable to locate file for location (C:\Users\Jayden McQueen\Documents\Swinburne Semester 1 2020\Project Development 1 - Tools and Practices\HDProject\SwinburneExplorer\bin\Debug\netcoreapp2.0\images\Resources'Images'forward__backward_arrow.png)
2020-04-25 20:22:22,759 WARNING [default] Unable to locate file for location (C:\Users\Jayden McQueen\Documents\Swinburne Semester 1 2020\Project Development 1 - Tools and Practices\HDProject\SwinburneExplorer\bin\Debug\netcoreapp2.0\images\Resources'Images'placeholder.jpg)
2020-04-25 20:22:22,759 WARNING [default] Unable to locate file for location (C:\Users\Jayden McQueen\Documents\Swinburne Semester 1 2020\Project Development 1 - Tools and Practices\HDProject\SwinburneExplorer\bin\Debug\netcoreapp2.0\images\Resources'Images'forward_arrow.png)
2020-04-25 20:22:22,760 WARNING [default] Unable to locate file for location (C:\Users\Jayden McQueen\Documents\Swinburne Semester 1 2020\Project Development 1 - Tools and Practices\HDProject\SwinburneExplorer\bin\Debug\netcoreapp2.0\images\Resources'Images'forward__backward_arrow.png)
2020-04-25 20:24:57,960 WARNING [default] Unable to locate file for location (C:\Users\Jayden McQueen\Documents\Swinburne Semester 1 2020\Project Development 1 - Tools and Practices\HDProject\SwinburneExplorer\bin\Debug\netcoreapp2.0\images\Resources\Images\placeholder.jpg)
2020-04-25 20:24:57,977 WARNING [default] Unable to locate file for location (C:\Users\Jayden McQueen\Documents\Swinburne Semester 1 2020\Project Development 1 - Tools and Practices\HDProject\SwinburneExplorer\bin\Debug\netcoreapp2.0\images\Resources\Images\forward_arrow.png)
2020-04-25 20:24:57,977 WARNING [default] Unable to locate file for location (C:\Users\Jayden McQueen\Documents\Swinburne Semester 1 2020\Project Development 1 - Tools and Practices\HDProject\SwinburneExplorer\bin\Debug\netcoreapp2.0\images\Resources\Images\forward__backward_arrow.png)
2020-04-25 20:24:57,978 WARNING [default] Unable to locate file for location (C:\Users\Jayden McQueen\Documents\Swinburne Semester 1 2020\Project Development 1 - Tools and Practices\HDProject\SwinburneExplorer\bin\Debug\netcoreapp2.0\images\Resources\Images\placeholder.jpg)
2020-04-25 20:24:57,978 WARNING [default] Unable to locate file for location (C:\Users\Jayden McQueen\Documents\Swinburne Semester 1 2020\Project Development 1 - Tools and Practices\HDProject\SwinburneExplorer\bin\Debug\netcoreapp2.0\images\Resources\Images\forward_arrow.png)
2020-04-25 20:24:57,979 WARNING [default] Unable to locate file for location (C:\Users\Jayden McQueen\Documents\Swinburne Semester 1 2020\Project Development 1 - Tools and Practices\HDProject\SwinburneExplorer\bin\Debug\netcoreapp2.0\images\Resources\Images\forward__backward_arrow.png)
2020-04-25 20:24:57,979 WARNING [default] Unable to locate file for location (C:\Users\Jayden McQueen\Documents\Swinburne Semester 1 2020\Project Development 1 - Tools and Practices\HDProject\SwinburneExplorer\bin\Debug\netcoreapp2.0\images\Resources\Images\placeholder.jpg)
2020-04-25 20:24:57,979 WARNING [default] Unable to locate file for location (C:\Users\Jayden McQueen\Documents\Swinburne Semester 1 2020\Project Development 1 - Tools and Practices\HDProject\SwinburneExplorer\bin\Debug\netcoreapp2.0\images\Resources\Images\forward_arrow.png)
2020-04-25 20:24:57,980 WARNING [default] Unable to locate file for location (C:\Users\Jayden McQueen\Documents\Swinburne Semester 1 2020\Project Development 1 - Tools and Practices\HDProject\SwinburneExplorer\bin\Debug\netcoreapp2.0\images\Resources\Images\forward__backward_arrow.png)
2020-04-25 20:27:32,568 WARNING [default] Unable to locate file for location (C:\Users\Jayden McQueen\Documents\Swinburne Semester 1 2020\Project Development 1 - Tools and Practices\HDProject\SwinburneExplorer\bin\Debug\netcoreapp2.0\images\placeholder.jpg)
2020-04-25 20:27:32,576 WARNING [default] Unable to locate file for location (C:\Users\Jayden McQueen\Documents\Swinburne Semester 1 2020\Project Development 1 - Tools and Practices\HDProject\SwinburneExplorer\bin\Debug\netcoreapp2.0\images\forward_arrow.png)
2020-04-25 20:27:32,576 WARNING [default] Unable to locate file for location (C:\Users\Jayden McQueen\Documents\Swinburne Semester 1 2020\Project Development 1 - Tools and Practices\HDProject\SwinburneExplorer\bin\Debug\netcoreapp2.0\images\forward__backward_arrow.png)
2020-04-25 20:27:32,576 WARNING [default] Unable to locate file for location (C:\Users\Jayden McQueen\Documents\Swinburne Semester 1 2020\Project Development 1 - Tools and Practices\HDProject\SwinburneExplorer\bin\Debug\netcoreapp2.0\images\placeholder.jpg)
2020-04-25 20:27:32,577 WARNING [default] Unable to locate file for location (C:\Users\Jayden McQueen\Documents\Swinburne Semester 1 2020\Project Development 1 - Tools and Practices\HDProject\SwinburneExplorer\bin\Debug\netcoreapp2.0\images\forward_arrow.png)
2020-04-25 20:27:32,577 WARNING [default] Unable to locate file for location (C:\Users\Jayden McQueen\Documents\Swinburne Semester 1 2020\Project Development 1 - Tools and Practices\HDProject\SwinburneExplorer\bin\Debug\netcoreapp2.0\images\forward__backward_arrow.png)
2020-04-25 20:27:32,577 WARNING [default] Unable to locate file for location (C:\Users\Jayden McQueen\Documents\Swinburne Semester 1 2020\Project Development 1 - Tools and Practices\HDProject\SwinburneExplorer\bin\Debug\netcoreapp2.0\images\placeholder.jpg)
2020-04-25 20:27:32,577 WARNING [default] Unable to locate file for location (C:\Users\Jayden McQueen\Documents\Swinburne Semester 1 2020\Project Development 1 - Tools and Practices\HDProject\SwinburneExplorer\bin\Debug\netcoreapp2.0\images\forward_arrow.png)
2020-04-25 20:27:32,579 WARNING [default] Unable to locate file for location (C:\Users\Jayden McQueen\Documents\Swinburne Semester 1 2020\Project Development 1 - Tools and Practices\HDProject\SwinburneExplorer\bin\Debug\netcoreapp2.0\images\forward__backward_arrow.png)
